Line 488: Class AIFCmp1.asxLineHeaderEx of control asxLineHeaderEx5 was not a loaded control class.
Line 515: Class AIFCmp1.asxLineHeaderEx of control asxLineHeaderEx4 was not a loaded control class.
Line 542: Class AIFCmp1.asxLineHeaderEx of control asxLineHeaderEx3 was not a loaded control class.
Line 637: Class AIFCmp1.asxPowerButton of control cmdBorrar was not a loaded control class.
Line 663: Class AIFCmp1.asxPowerButton of control cmdFalta was not a loaded control class.
Line 687: Class AIFCmp1.asxPowerButton of control cmdEnviado was not a loaded control class.
Line 710: Class AIFCmp1.asxPowerButton of control cmdFaltaEnviado was not a loaded control class.
Line 735: Class AIFCmp1.asxPowerButton of control cmdNuevo was not a loaded control class.
Line 759: Class AIFCmp1.asxPowerButton of control cmdBorraEnviado was not a loaded control class.
Line 785: Class AIFCmp1.asxPowerButton of control cmdBorrarFaltas was not a loaded control class.
Line 811: Class AIFCmp1.asxPowerButton of control cmdImprimir was not a loaded control class.
Line 835: Class AIFCmp1.asxPowerButton of control cmdOk was not a loaded control class.
Line 859: Class AIFCmp1.asxPowerButton of control cmdAgregar was not a loaded control class.
Line 884: Class AIFCmp1.asxPowerButton of control cmdRefrescar was not a loaded control class.
Line 976: Class AIFCmp1.asxLineHeaderEx of control asxLineHeaderEx6 was not a loaded control class.
Line 986: Class AIFCmp1.asxPowerButton of control cmdCambiaProveedor was not a loaded control class.
Line 1008: Class AIFCmp1.asxPowerBanner of control lblNombreProveedor was not a loaded control class.
Line 1029: Class AIFCmp1.asxLineHeaderEx of control asxLineHeaderEx2 was not a loaded control class.
Line 1060: Class AIFCmp1.asxLineHeaderEx of control asxLineHeaderEx1 was not a loaded control class.
Line 1070: Class AIFCmp1.asxPowerButton of control cmdSalir was not a loaded control class.
Line 1092: Class AIFCmp1.asxPowerBanner of control lblCodigo was not a loaded control class.
